<?xml version="1.0" encoding="UTF-8"?>
<testng-results skipped="0" failed="0" ignored="0" total="1" passed="1">
  <reporter-output>
  </reporter-output>
  <suite name="Default suite" duration-ms="13537" started-at="2021-08-01T11:40:24 IST" finished-at="2021-08-01T11:40:37 IST">
    <groups>
    </groups>
    <test name="Default test" duration-ms="13537" started-at="2021-08-01T11:40:24 IST" finished-at="2021-08-01T11:40:37 IST">
      <class name="Framework.HomePage">
        <test-method status="PASS" signature="basePageNavigation(java.lang.String, java.lang.String)[pri:0, instance:Framework.HomePage@3dfc5fb8]" name="basePageNavigation" duration-ms="13507" started-at="2021-08-01T11:40:24 IST" data-provider="getData" finished-at="2021-08-01T11:40:37 IST">
          <params>
            <param index="0">
              <value>
                <![CDATA[abc@qw.com]]>
              </value>
            </param>
            <param index="1">
              <value>
                <![CDATA[1234]]>
              </value>
            </param>
          </params>
          <reporter-output>
          </reporter-output>
        </test-method> <!-- basePageNavigation -->
      </class> <!-- Framework.HomePage -->
    </test> <!-- Default test -->
  </suite> <!-- Default suite -->
</testng-results>
